[0m01:20:58.583778 [debug] [MainThread]: Sending event: {'category': 'dbt', 'action': 'invocation', 'label': 'start', 'context': [<snowplow_tracker.self_describing_json.SelfDescribingJson object at 0x7db131a26ae0>, <snowplow_tracker.self_describing_json.SelfDescribingJson object at 0x7db13375af00>, <snowplow_tracker.self_describing_json.SelfDescribingJson object at 0x7db1335d9670>]}


============================== 01:20:58.594377 | 2008ea3a-2360-4330-b817-a978384b7929 ==============================
[0m01:20:58.594377 [info ] [MainThread]: Running with dbt=1.10.8
[0m01:20:58.597312 [debug] [MainThread]: running dbt with arguments {'printer_width': '80', 'indirect_selection': 'eager', 'log_cache_events': 'False', 'write_json': 'True', 'partial_parse': 'True', 'cache_selected_only': 'False', 'profiles_dir': '/home/omar/.dbt', 'debug': 'False', 'fail_fast': 'False', 'log_path': 'logs', 'version_check': 'True', 'warn_error': 'None', 'use_colors': 'True', 'use_experimental_parser': 'False', 'empty': 'None', 'quiet': 'False', 'no_print': 'None', 'warn_error_options': 'WarnErrorOptionsV2(error=[], warn=[], silence=[])', 'invocation_command': 'dbt init', 'static_parser': 'True', 'introspect': 'True', 'target_path': 'None', 'log_format': 'default', 'send_anonymous_usage_stats': 'True'}
[0m01:21:17.663401 [debug] [MainThread]: Starter project path: /home/omar/.local/lib/python3.12/site-packages/dbt/include/starter_project
[0m01:21:18.145728 [info ] [MainThread]: 
Your new dbt project "Snowflake_DW" was created!

For more information on how to configure the profiles.yml file,
please consult the dbt documentation here:

  https://docs.getdbt.com/docs/configure-your-profile

One more thing:

Need help? Don't hesitate to reach out to us via GitHub issues or on Slack:

  https://community.getdbt.com/

Happy modeling!

[0m01:21:18.151819 [info ] [MainThread]: Setting up your profile.
[0m01:36:27.068494 [info ] [MainThread]: Profile Snowflake_DW written to /home/omar/.dbt/profiles.yml using target's profile_template.yml and your supplied values. Run 'dbt debug' to validate the connection.
[0m01:36:27.076242 [debug] [MainThread]: Resource report: {"command_name": "init", "command_success": true, "command_wall_clock_time": 873.2918, "process_in_blocks": "180960", "process_kernel_time": 1.347401, "process_mem_max_rss": "161136", "process_out_blocks": "8", "process_user_time": 3.186308}
[0m01:36:27.080437 [debug] [MainThread]: Command `dbt init` succeeded at 01:36:27.080163 after 873.30 seconds
[0m01:36:27.082960 [debug] [MainThread]: Sending event: {'category': 'dbt', 'action': 'invocation', 'label': 'end', 'context': [<snowplow_tracker.self_describing_json.SelfDescribingJson object at 0x7db131a26ae0>, <snowplow_tracker.self_describing_json.SelfDescribingJson object at 0x7db130981250>, <snowplow_tracker.self_describing_json.SelfDescribingJson object at 0x7db1194796d0>]}
[0m01:36:27.085507 [debug] [MainThread]: Flushing usage events
[0m01:36:28.655396 [debug] [MainThread]: An error was encountered while trying to flush usage events
